# JRE version: Java(TM) SE Runtime Environment (8.0_201-b09) (build 1.8.0_201-b09)
# Java VM: Java HotSpot(TM) 64-Bit Server VM (25.201-b09 mixed mode windows-amd64 compressed oops)
Heap:
 PSYoungGen      total 195584K, used 3783K [0x00000000f0c00000, 0x00000000ff100000, 0x0000000100000000)
  eden space 187392K, 2% used [0x00000000f0c00000,0x00000000f0fa9ef8,0x00000000fc300000)
  from space 8192K, 0% used [0x00000000fc300000,0x00000000fc308000,0x00000000fcb00000)
  to   space 7680K, 0% used [0x00000000fe980000,0x00000000fe980000,0x00000000ff100000)
 ParOldGen       total 58368K, used 40843K [0x00000000d2400000, 0x00000000d5d00000, 0x00000000f0c00000)
  object space 58368K, 69% used [0x00000000d2400000,0x00000000d4be2e28,0x00000000d5d00000)
 Metaspace       used 61286K, capacity 64794K, committed 65112K, reserved 1105920K
  class space    used 8536K, capacity 9265K, committed 9344K, reserved 1048576K
GC Heap History (10 events):
Event: 56951.112 GC heap before
{Heap before GC invocations=104 (full 9):
 PSYoungGen      total 143360K, used 134752K [0x00000000f0c00000, 0x00000000fa300000, 0x0000000100000000)
  eden space 134656K, 100% used [0x00000000f0c00000,0x00000000f8f80000,0x00000000f8f80000)
  from space 8704K, 1% used [0x00000000f9800000,0x00000000f9818000,0x00000000fa080000)
  to   space 8704K, 0% used [0x00000000f8f80000,0x00000000f8f80000,0x00000000f9800000)
 ParOldGen       total 58368K, used 40843K [0x00000000d2400000, 0x00000000d5d00000, 0x00000000f0c00000)
  object space 58368K, 69% used [0x00000000d2400000,0x00000000d4be2e28,0x00000000d5d00000)
 Metaspace       used 61286K, capacity 64794K, committed 65112K, reserved 1105920K
  class space    used 8536K, capacity 9265K, committed 9344K, reserved 1048576K
Event: 56952.153 GC heap after
Heap after GC invocations=104 (full 9):
 PSYoungGen      total 143360K, used 32K [0x00000000f0c00000, 0x00000000fb900000, 0x0000000100000000)
  eden space 134656K, 0% used [0x00000000f0c00000,0x00000000f0c00000,0x00000000f8f80000)
  from space 8704K, 0% used [0x00000000f8f80000,0x00000000f8f88000,0x00000000f9800000)
  to   space 8704K, 0% used [0x00000000fb080000,0x00000000fb080000,0x00000000fb900000)
 ParOldGen       total 58368K, used 40843K [0x00000000d2400000, 0x00000000d5d00000, 0x00000000f0c00000)
  object space 58368K, 69% used [0x00000000d2400000,0x00000000d4be2e28,0x00000000d5d00000)
 Metaspace       used 61286K, capacity 64794K, committed 65112K, reserved 1105920K
  class space    used 8536K, capacity 9265K, committed 9344K, reserved 1048576K
}
Event: 57653.646 GC heap before
{Heap before GC invocations=105 (full 9):
 PSYoungGen      total 143360K, used 134688K [0x00000000f0c00000, 0x00000000fb900000, 0x0000000100000000)
  eden space 134656K, 100% used [0x00000000f0c00000,0x00000000f8f80000,0x00000000f8f80000)
  from space 8704K, 0% used [0x00000000f8f80000,0x00000000f8f88000,0x00000000f9800000)
  to   space 8704K, 0% used [0x00000000fb080000,0x00000000fb080000,0x00000000fb900000)
 ParOldGen       total 58368K, used 40843K [0x00000000d2400000, 0x00000000d5d00000, 0x00000000f0c00000)
  object space 58368K, 69% used [0x00000000d2400000,0x00000000d4be2e28,0x00000000d5d00000)
 Metaspace       used 61286K, capacity 64794K, committed 65112K, reserved 1105920K
  class space    used 8536K, capacity 9265K, committed 9344K, reserved 1048576K
Event: 57653.687 GC heap after
Heap after GC invocations=105 (full 9):
 PSYoungGen      total 167424K, used 32K [0x00000000f0c00000, 0x00000000fb880000, 0x0000000100000000)
  eden space 159232K, 0% used [0x00000000f0c00000,0x00000000f0c00000,0x00000000fa780000)
  from space 8192K, 0% used [0x00000000fb080000,0x00000000fb088000,0x00000000fb880000)
  to   space 8704K, 0% used [0x00000000fa780000,0x00000000fa780000,0x00000000fb000000)
 ParOldGen       total 58368K, used 40843K [0x00000000d2400000, 0x00000000d5d00000, 0x00000000f0c00000)
  object space 58368K, 69% used [0x00000000d2400000,0x00000000d4be2e28,0x00000000d5d00000)
 Metaspace       used 61286K, capacity 64794K, committed 65112K, reserved 1105920K
  class space    used 8536K, capacity 9265K, committed 9344K, reserved 1048576K
}
Event: 58477.987 GC heap before
{Heap before GC invocations=106 (full 9):
 PSYoungGen      total 167424K, used 159264K [0x00000000f0c00000, 0x00000000fb880000, 0x0000000100000000)
  eden space 159232K, 100% used [0x00000000f0c00000,0x00000000fa780000,0x00000000fa780000)
  from space 8192K, 0% used [0x00000000fb080000,0x00000000fb088000,0x00000000fb880000)
  to   space 8704K, 0% used [0x00000000fa780000,0x00000000fa780000,0x00000000fb000000)
 ParOldGen       total 58368K, used 40843K [0x00000000d2400000, 0x00000000d5d00000, 0x00000000f0c00000)
  object space 58368K, 69% used [0x00000000d2400000,0x00000000d4be2e28,0x00000000d5d00000)
 Metaspace       used 61286K, capacity 64794K, committed 65112K, reserved 1105920K
  class space    used 8536K, capacity 9265K, committed 9344K, reserved 1048576K
Event: 58500.558 GC heap after
Heap after GC invocations=106 (full 9):
 PSYoungGen      total 167936K, used 128K [0x00000000f0c00000, 0x00000000fd400000, 0x0000000100000000)
  eden space 159232K, 0% used [0x00000000f0c00000,0x00000000f0c00000,0x00000000fa780000)
  from space 8704K, 1% used [0x00000000fa780000,0x00000000fa7a0000,0x00000000fb000000)
  to   space 8192K, 0% used [0x00000000fcc00000,0x00000000fcc00000,0x00000000fd400000)
 ParOldGen       total 58368K, used 40843K [0x00000000d2400000, 0x00000000d5d00000, 0x00000000f0c00000)
  object space 58368K, 69% used [0x00000000d2400000,0x00000000d4be2e28,0x00000000d5d00000)
 Metaspace       used 61286K, capacity 64794K, committed 65112K, reserved 1105920K
  class space    used 8536K, capacity 9265K, committed 9344K, reserved 1048576K
}
Event: 59332.028 GC heap before
{Heap before GC invocations=107 (full 9):
 PSYoungGen      total 167936K, used 159360K [0x00000000f0c00000, 0x00000000fd400000, 0x0000000100000000)
  eden space 159232K, 100% used [0x00000000f0c00000,0x00000000fa780000,0x00000000fa780000)
  from space 8704K, 1% used [0x00000000fa780000,0x00000000fa7a0000,0x00000000fb000000)
  to   space 8192K, 0% used [0x00000000fcc00000,0x00000000fcc00000,0x00000000fd400000)
 ParOldGen       total 58368K, used 40843K [0x00000000d2400000, 0x00000000d5d00000, 0x00000000f0c00000)
  object space 58368K, 69% used [0x00000000d2400000,0x00000000d4be2e28,0x00000000d5d00000)
 Metaspace       used 61286K, capacity 64794K, committed 65112K, reserved 1105920K
  class space    used 8536K, capacity 9265K, committed 9344K, reserved 1048576K
Event: 59332.032 GC heap after
Heap after GC invocations=107 (full 9):
 PSYoungGen      total 194560K, used 64K [0x00000000f0c00000, 0x00000000fd300000, 0x0000000100000000)
  eden space 187392K, 0% used [0x00000000f0c00000,0x00000000f0c00000,0x00000000fc300000)
  from space 7168K, 0% used [0x00000000fcc00000,0x00000000fcc10000,0x00000000fd300000)
  to   space 8192K, 0% used [0x00000000fc300000,0x00000000fc300000,0x00000000fcb00000)
 ParOldGen       total 58368K, used 40843K [0x00000000d2400000, 0x00000000d5d00000, 0x00000000f0c00000)
  object space 58368K, 69% used [0x00000000d2400000,0x00000000d4be2e28,0x00000000d5d00000)
 Metaspace       used 61286K, capacity 64794K, committed 65112K, reserved 1105920K
  class space    used 8536K, capacity 9265K, committed 9344K, reserved 1048576K
}
Event: 60323.812 GC heap before
{Heap before GC invocations=108 (full 9):
 PSYoungGen      total 194560K, used 187456K [0x00000000f0c00000, 0x00000000fd300000, 0x0000000100000000)
  eden space 187392K, 100% used [0x00000000f0c00000,0x00000000fc300000,0x00000000fc300000)
  from space 7168K, 0% used [0x00000000fcc00000,0x00000000fcc10000,0x00000000fd300000)
  to   space 8192K, 0% used [0x00000000fc300000,0x00000000fc300000,0x00000000fcb00000)
 ParOldGen       total 58368K, used 40843K [0x00000000d2400000, 0x00000000d5d00000, 0x00000000f0c00000)
  object space 58368K, 69% used [0x00000000d2400000,0x00000000d4be2e28,0x00000000d5d00000)
 Metaspace       used 61286K, capacity 64794K, committed 65112K, reserved 1105920K
  class space    used 8536K, capacity 9265K, committed 9344K, reserved 1048576K
Event: 60330.158 GC heap after
Heap after GC invocations=108 (full 9):
 PSYoungGen      total 195584K, used 32K [0x00000000f0c00000, 0x00000000ff100000, 0x0000000100000000)
  eden space 187392K, 0% used [0x00000000f0c00000,0x00000000f0c00000,0x00000000fc300000)
  from space 8192K, 0% used [0x00000000fc300000,0x00000000fc308000,0x00000000fcb00000)
  to   space 7680K, 0% used [0x00000000fe980000,0x00000000fe980000,0x00000000ff100000)
 ParOldGen       total 58368K, used 40843K [0x00000000d2400000, 0x00000000d5d00000, 0x00000000f0c00000)
  object space 58368K, 69% used [0x00000000d2400000,0x00000000d4be2e28,0x00000000d5d00000)
 Metaspace       used 61286K, capacity 64794K, committed 65112K, reserved 1105920K
  class space    used 8536K, capacity 9265K, committed 9344K, reserved 1048576K
}

